[24-Feb-2019 21:01:59 UTC] PHP Warning:  Use of undefined constant myname - assumed 'myname' (this will throw an Error in a future version of PHP) in /app/public/experiment.php on line 6
[24-Feb-2019 21:02:42 UTC] PHP Warning:  Use of undefined constant myname - assumed 'myname' (this will throw an Error in a future version of PHP) in /app/public/experiment.php on line 6
[24-Feb-2019 21:05:42 UTC] PHP Parse error:  syntax error, unexpected '<' in /app/public/experiment.php on line 8
[24-Feb-2019 21:38:01 UTC] PHP Parse error:  syntax error, unexpected '}', expecting ',' or ';' in /app/public/wp-content/themes/fictional-university/index.php on line 4
[24-Feb-2019 22:24:12 UTC] PHP Warning:  Use of undefined constant length - assumed 'length' (this will throw an Error in a future version of PHP) in /app/public/wp-content/themes/fictional-university/index.php on line 6
[24-Feb-2019 22:24:12 UTC] PHP Warning:  Use of undefined constant length - assumed 'length' (this will throw an Error in a future version of PHP) in /app/public/wp-content/themes/fictional-university/index.php on line 6
[25-Feb-2019 03:31:10 UTC] PHP Fatal error:  Uncaught Error: Call to undefined function get_theme_uri() in /app/public/wp-content/themes/fictional-university/index.php:4
Stack trace:
#0 /app/public/wp-includes/template-loader.php(77): include()
#1 /app/public/wp-blog-header.php(19): require_once('/app/public/wp-...')
#2 /app/public/index.php(17): require('/app/public/wp-...')
#3 {main}
  thrown in /app/public/wp-content/themes/fictional-university/index.php on line 4
[25-Feb-2019 03:31:13 UTC] PHP Fatal error:  Uncaught Error: Call to undefined function get_theme_uri() in /app/public/wp-content/themes/fictional-university/index.php:4
Stack trace:
#0 /app/public/wp-includes/template-loader.php(77): include()
#1 /app/public/wp-blog-header.php(19): require_once('/app/public/wp-...')
#2 /app/public/index.php(17): require('/app/public/wp-...')
#3 {main}
  thrown in /app/public/wp-content/themes/fictional-university/index.php on line 4
[25-Feb-2019 03:31:14 UTC] PHP Fatal error:  Uncaught Error: Call to undefined function get_theme_uri() in /app/public/wp-content/themes/fictional-university/index.php:4
Stack trace:
#0 /app/public/wp-includes/template-loader.php(77): include()
#1 /app/public/wp-blog-header.php(19): require_once('/app/public/wp-...')
#2 /app/public/index.php(17): require('/app/public/wp-...')
#3 {main}
  thrown in /app/public/wp-content/themes/fictional-university/index.php on line 4
[25-Feb-2019 03:31:15 UTC] PHP Fatal error:  Uncaught Error: Call to undefined function get_theme_uri() in /app/public/wp-content/themes/fictional-university/index.php:4
Stack trace:
#0 /app/public/wp-includes/template-loader.php(77): include()
#1 /app/public/wp-blog-header.php(19): require_once('/app/public/wp-...')
#2 /app/public/index.php(17): require('/app/public/wp-...')
#3 {main}
  thrown in /app/public/wp-content/themes/fictional-university/index.php on line 4
[26-Feb-2019 00:57:01 UTC] PHP Fatal error:  Uncaught Error: Call to undefined function get_file_uri() in /app/public/wp-content/themes/fictional-university/page.php:7
Stack trace:
#0 /app/public/wp-includes/template-loader.php(77): include()
#1 /app/public/wp-blog-header.php(19): require_once('/app/public/wp-...')
#2 /app/public/index.php(17): require('/app/public/wp-...')
#3 {main}
  thrown in /app/public/wp-content/themes/fictional-university/page.php on line 7
[26-Feb-2019 01:01:26 UTC] PHP Warning:  Use of undefined constant the_title - assumed 'the_title' (this will throw an Error in a future version of PHP) in /app/public/wp-content/themes/fictional-university/header.php on line 5
[26-Feb-2019 09:39:16 UTC] PHP Fatal error:  Uncaught Error: Call to undefined function get_post_parent_id() in /app/public/wp-content/themes/fictional-university/page.php:21
Stack trace:
#0 /app/public/wp-includes/template-loader.php(77): include()
#1 /app/public/wp-blog-header.php(19): require_once('/app/public/wp-...')
#2 /app/public/index.php(17): require('/app/public/wp-...')
#3 {main}
  thrown in /app/public/wp-content/themes/fictional-university/page.php on line 21
[26-Feb-2019 09:39:40 UTC] PHP Fatal error:  Uncaught Error: Call to undefined function get_post_parent_id() in /app/public/wp-content/themes/fictional-university/page.php:21
Stack trace:
#0 /app/public/wp-includes/template-loader.php(77): include()
#1 /app/public/wp-blog-header.php(19): require_once('/app/public/wp-...')
#2 /app/public/index.php(17): require('/app/public/wp-...')
#3 {main}
  thrown in /app/public/wp-content/themes/fictional-university/page.php on line 21
[26-Feb-2019 09:39:41 UTC] PHP Fatal error:  Uncaught Error: Call to undefined function get_post_parent_id() in /app/public/wp-content/themes/fictional-university/page.php:21
Stack trace:
#0 /app/public/wp-includes/template-loader.php(77): include()
#1 /app/public/wp-blog-header.php(19): require_once('/app/public/wp-...')
#2 /app/public/index.php(17): require('/app/public/wp-...')
#3 {main}
  thrown in /app/public/wp-content/themes/fictional-university/page.php on line 21
[26-Feb-2019 09:39:48 UTC] PHP Fatal error:  Uncaught Error: Call to undefined function get_post_parent_id() in /app/public/wp-content/themes/fictional-university/page.php:21
Stack trace:
#0 /app/public/wp-includes/template-loader.php(77): include()
#1 /app/public/wp-blog-header.php(19): require_once('/app/public/wp-...')
#2 /app/public/index.php(17): require('/app/public/wp-...')
#3 {main}
  thrown in /app/public/wp-content/themes/fictional-university/page.php on line 21
[26-Feb-2019 09:39:57 UTC] PHP Fatal error:  Uncaught Error: Call to undefined function get_post_parent_id() in /app/public/wp-content/themes/fictional-university/page.php:21
Stack trace:
#0 /app/public/wp-includes/template-loader.php(77): include()
#1 /app/public/wp-blog-header.php(19): require_once('/app/public/wp-...')
#2 /app/public/index.php(17): require('/app/public/wp-...')
#3 {main}
  thrown in /app/public/wp-content/themes/fictional-university/page.php on line 21
[26-Feb-2019 09:40:15 UTC] PHP Fatal error:  Uncaught Error: Call to undefined function get_post_parent_id() in /app/public/wp-content/themes/fictional-university/page.php:21
Stack trace:
#0 /app/public/wp-includes/template-loader.php(77): include()
#1 /app/public/wp-blog-header.php(19): require_once('/app/public/wp-...')
#2 /app/public/index.php(17): require('/app/public/wp-...')
#3 {main}
  thrown in /app/public/wp-content/themes/fictional-university/page.php on line 21
[26-Feb-2019 09:40:16 UTC] PHP Fatal error:  Uncaught Error: Call to undefined function get_post_parent_id() in /app/public/wp-content/themes/fictional-university/page.php:21
Stack trace:
#0 /app/public/wp-includes/template-loader.php(77): include()
#1 /app/public/wp-blog-header.php(19): require_once('/app/public/wp-...')
#2 /app/public/index.php(17): require('/app/public/wp-...')
#3 {main}
  thrown in /app/public/wp-content/themes/fictional-university/page.php on line 21
[26-Feb-2019 20:06:22 UTC] PHP Parse error:  syntax error, unexpected '}', expecting ',' or ';' in /app/public/wp-content/themes/fictional-university/index.php on line 5
[26-Feb-2019 23:19:31 UTC] PHP Fatal error:  Uncaught Error: Call to undefined function language_attribute() in /app/public/wp-content/themes/fictional-university/header.php:2
Stack trace:
#0 /app/public/wp-includes/template.php(704): require_once()
#1 /app/public/wp-includes/template.php(653): load_template('/app/public/wp-...', true)
#2 /app/public/wp-includes/general-template.php(41): locate_template(Array, true)
#3 /app/public/wp-content/themes/fictional-university/index.php(1): get_header()
#4 /app/public/wp-includes/template-loader.php(77): include('/app/public/wp-...')
#5 /app/public/wp-blog-header.php(19): require_once('/app/public/wp-...')
#6 /app/public/index.php(17): require('/app/public/wp-...')
#7 {main}
  thrown in /app/public/wp-content/themes/fictional-university/header.php on line 2
[26-Feb-2019 23:54:28 UTC] PHP Fatal error:  Uncaught Error: Call to undefined function wp_get_post_parent() in /app/public/wp-content/themes/fictional-university/footer.php:17
Stack trace:
#0 /app/public/wp-includes/template.php(704): require_once()
#1 /app/public/wp-includes/template.php(653): load_template('/app/public/wp-...', true)
#2 /app/public/wp-includes/general-template.php(76): locate_template(Array, true)
#3 /app/public/wp-content/themes/fictional-university/index.php(104): get_footer()
#4 /app/public/wp-includes/template-loader.php(77): include('/app/public/wp-...')
#5 /app/public/wp-blog-header.php(19): require_once('/app/public/wp-...')
#6 /app/public/index.php(17): require('/app/public/wp-...')
#7 {main}
  thrown in /app/public/wp-content/themes/fictional-university/footer.php on line 17
[26-Feb-2019 23:54:31 UTC] PHP Fatal error:  Uncaught Error: Call to undefined function wp_get_post_parent() in /app/public/wp-content/themes/fictional-university/footer.php:17
Stack trace:
#0 /app/public/wp-includes/template.php(704): require_once()
#1 /app/public/wp-includes/template.php(653): load_template('/app/public/wp-...', true)
#2 /app/public/wp-includes/general-template.php(76): locate_template(Array, true)
#3 /app/public/wp-content/themes/fictional-university/page.php(66): get_footer()
#4 /app/public/wp-includes/template-loader.php(77): include('/app/public/wp-...')
#5 /app/public/wp-blog-header.php(19): require_once('/app/public/wp-...')
#6 /app/public/index.php(17): require('/app/public/wp-...')
#7 {main}
  thrown in /app/public/wp-content/themes/fictional-university/footer.php on line 17
[26-Feb-2019 23:54:35 UTC] PHP Fatal error:  Uncaught Error: Call to undefined function wp_get_post_parent() in /app/public/wp-content/themes/fictional-university/footer.php:17
Stack trace:
#0 /app/public/wp-includes/template.php(704): require_once()
#1 /app/public/wp-includes/template.php(653): load_template('/app/public/wp-...', true)
#2 /app/public/wp-includes/general-template.php(76): locate_template(Array, true)
#3 /app/public/wp-content/themes/fictional-university/page.php(66): get_footer()
#4 /app/public/wp-includes/template-loader.php(77): include('/app/public/wp-...')
#5 /app/public/wp-blog-header.php(19): require_once('/app/public/wp-...')
#6 /app/public/index.php(17): require('/app/public/wp-...')
#7 {main}
  thrown in /app/public/wp-content/themes/fictional-university/footer.php on line 17
[27-Feb-2019 23:16:28 UTC] PHP Fatal error:  Uncaught Error: Call to undefined function get_url_link() in /app/public/wp-content/themes/fictional-university/front-page.php:69
Stack trace:
#0 /app/public/wp-includes/template-loader.php(77): include()
#1 /app/public/wp-blog-header.php(19): require_once('/app/public/wp-...')
#2 /app/public/index.php(17): require('/app/public/wp-...')
#3 {main}
  thrown in /app/public/wp-content/themes/fictional-university/front-page.php on line 69
[01-Mar-2019 00:40:41 UTC] PHP Parse error:  syntax error, unexpected '}' in /app/public/wp-content/themes/fictional-university/functions.php on line 25
[01-Mar-2019 00:40:44 UTC] PHP Parse error:  syntax error, unexpected '}' in /app/public/wp-content/themes/fictional-university/functions.php on line 25
[01-Mar-2019 02:09:45 UTC] PHP Parse error:  syntax error, unexpected '}', expecting ',' or ';' in /app/public/wp-content/themes/fictional-university/front-page.php on line 67
[02-Mar-2019 23:19:30 UTC] PHP Fatal error:  Uncaught Exception: DateTime::__construct(): Failed to parse time string (16/03/2019) at position 0 (1): Unexpected character in /app/public/wp-content/themes/fictional-university/front-page.php:29
Stack trace:
#0 /app/public/wp-content/themes/fictional-university/front-page.php(29): DateTime->__construct('16/03/2019')
#1 /app/public/wp-includes/template-loader.php(77): include('/app/public/wp-...')
#2 /app/public/wp-blog-header.php(19): require_once('/app/public/wp-...')
#3 /app/public/index.php(17): require('/app/public/wp-...')
#4 {main}
  thrown in /app/public/wp-content/themes/fictional-university/front-page.php on line 29
[02-Mar-2019 23:19:57 UTC] PHP Fatal error:  Uncaught Exception: DateTime::__construct(): Failed to parse time string (16/03/2019) at position 0 (1): Unexpected character in /app/public/wp-content/themes/fictional-university/front-page.php:29
Stack trace:
#0 /app/public/wp-content/themes/fictional-university/front-page.php(29): DateTime->__construct('16/03/2019')
#1 /app/public/wp-includes/template-loader.php(77): include('/app/public/wp-...')
#2 /app/public/wp-blog-header.php(19): require_once('/app/public/wp-...')
#3 /app/public/index.php(17): require('/app/public/wp-...')
#4 {main}
  thrown in /app/public/wp-content/themes/fictional-university/front-page.php on line 29
[02-Mar-2019 23:19:58 UTC] PHP Fatal error:  Uncaught Exception: DateTime::__construct(): Failed to parse time string (16/03/2019) at position 0 (1): Unexpected character in /app/public/wp-content/themes/fictional-university/front-page.php:29
Stack trace:
#0 /app/public/wp-content/themes/fictional-university/front-page.php(29): DateTime->__construct('16/03/2019')
#1 /app/public/wp-includes/template-loader.php(77): include('/app/public/wp-...')
#2 /app/public/wp-blog-header.php(19): require_once('/app/public/wp-...')
#3 /app/public/index.php(17): require('/app/public/wp-...')
#4 {main}
  thrown in /app/public/wp-content/themes/fictional-university/front-page.php on line 29
[02-Mar-2019 23:20:00 UTC] PHP Fatal error:  Uncaught Exception: DateTime::__construct(): Failed to parse time string (16/03/2019) at position 0 (1): Unexpected character in /app/public/wp-content/themes/fictional-university/front-page.php:29
Stack trace:
#0 /app/public/wp-content/themes/fictional-university/front-page.php(29): DateTime->__construct('16/03/2019')
#1 /app/public/wp-includes/template-loader.php(77): include('/app/public/wp-...')
#2 /app/public/wp-blog-header.php(19): require_once('/app/public/wp-...')
#3 /app/public/index.php(17): require('/app/public/wp-...')
#4 {main}
  thrown in /app/public/wp-content/themes/fictional-university/front-page.php on line 29
[02-Mar-2019 23:20:13 UTC] PHP Fatal error:  Uncaught Exception: DateTime::__construct(): Failed to parse time string (16/03/2019) at position 0 (1): Unexpected character in /app/public/wp-content/themes/fictional-university/front-page.php:29
Stack trace:
#0 /app/public/wp-content/themes/fictional-university/front-page.php(29): DateTime->__construct('16/03/2019')
#1 /app/public/wp-includes/template-loader.php(77): include('/app/public/wp-...')
#2 /app/public/wp-blog-header.php(19): require_once('/app/public/wp-...')
#3 /app/public/index.php(17): require('/app/public/wp-...')
#4 {main}
  thrown in /app/public/wp-content/themes/fictional-university/front-page.php on line 29
[02-Mar-2019 23:20:16 UTC] PHP Fatal error:  Uncaught Exception: DateTime::__construct(): Failed to parse time string (16/03/2019) at position 0 (1): Unexpected character in /app/public/wp-content/themes/fictional-university/front-page.php:29
Stack trace:
#0 /app/public/wp-content/themes/fictional-university/front-page.php(29): DateTime->__construct('16/03/2019')
#1 /app/public/wp-includes/template-loader.php(77): include('/app/public/wp-...')
#2 /app/public/wp-blog-header.php(19): require_once('/app/public/wp-...')
#3 /app/public/index.php(17): require('/app/public/wp-...')
#4 {main}
  thrown in /app/public/wp-content/themes/fictional-university/front-page.php on line 29
[02-Mar-2019 23:20:29 UTC] PHP Fatal error:  Uncaught Exception: DateTime::__construct(): Failed to parse time string (16/03/2019) at position 0 (1): Unexpected character in /app/public/wp-content/themes/fictional-university/front-page.php:29
Stack trace:
#0 /app/public/wp-content/themes/fictional-university/front-page.php(29): DateTime->__construct('16/03/2019')
#1 /app/public/wp-includes/template-loader.php(77): include('/app/public/wp-...')
#2 /app/public/wp-blog-header.php(19): require_once('/app/public/wp-...')
#3 /app/public/index.php(17): require('/app/public/wp-...')
#4 {main}
  thrown in /app/public/wp-content/themes/fictional-university/front-page.php on line 29
[02-Mar-2019 23:21:03 UTC] PHP Fatal error:  Uncaught Exception: DateTime::__construct(): Failed to parse time string (16/03/2019) at position 0 (1): Unexpected character in /app/public/wp-content/themes/fictional-university/front-page.php:29
Stack trace:
#0 /app/public/wp-content/themes/fictional-university/front-page.php(29): DateTime->__construct('16/03/2019')
#1 /app/public/wp-includes/template-loader.php(77): include('/app/public/wp-...')
#2 /app/public/wp-blog-header.php(19): require_once('/app/public/wp-...')
#3 /app/public/index.php(17): require('/app/public/wp-...')
#4 {main}
  thrown in /app/public/wp-content/themes/fictional-university/front-page.php on line 29
[02-Mar-2019 23:21:03 UTC] PHP Fatal error:  Uncaught Exception: DateTime::__construct(): Failed to parse time string (16/03/2019) at position 0 (1): Unexpected character in /app/public/wp-content/themes/fictional-university/front-page.php:29
Stack trace:
#0 /app/public/wp-content/themes/fictional-university/front-page.php(29): DateTime->__construct('16/03/2019')
#1 /app/public/wp-includes/template-loader.php(77): include('/app/public/wp-...')
#2 /app/public/wp-blog-header.php(19): require_once('/app/public/wp-...')
#3 /app/public/index.php(17): require('/app/public/wp-...')
#4 {main}
  thrown in /app/public/wp-content/themes/fictional-university/front-page.php on line 29
[02-Mar-2019 23:21:04 UTC] PHP Fatal error:  Uncaught Exception: DateTime::__construct(): Failed to parse time string (16/03/2019) at position 0 (1): Unexpected character in /app/public/wp-content/themes/fictional-university/front-page.php:29
Stack trace:
#0 /app/public/wp-content/themes/fictional-university/front-page.php(29): DateTime->__construct('16/03/2019')
#1 /app/public/wp-includes/template-loader.php(77): include('/app/public/wp-...')
#2 /app/public/wp-blog-header.php(19): require_once('/app/public/wp-...')
#3 /app/public/index.php(17): require('/app/public/wp-...')
#4 {main}
  thrown in /app/public/wp-content/themes/fictional-university/front-page.php on line 29
[02-Mar-2019 23:21:11 UTC] PHP Fatal error:  Uncaught Exception: DateTime::__construct(): Failed to parse time string (16/03/2019) at position 0 (1): Unexpected character in /app/public/wp-content/themes/fictional-university/front-page.php:29
Stack trace:
#0 /app/public/wp-content/themes/fictional-university/front-page.php(29): DateTime->__construct('16/03/2019')
#1 /app/public/wp-includes/template-loader.php(77): include('/app/public/wp-...')
#2 /app/public/wp-blog-header.php(19): require_once('/app/public/wp-...')
#3 /app/public/index.php(17): require('/app/public/wp-...')
#4 {main}
  thrown in /app/public/wp-content/themes/fictional-university/front-page.php on line 29
[02-Mar-2019 23:22:10 UTC] PHP Fatal error:  Uncaught Exception: DateTime::__construct(): Failed to parse time string (16/03/2019) at position 0 (1): Unexpected character in /app/public/wp-content/themes/fictional-university/front-page.php:29
Stack trace:
#0 /app/public/wp-content/themes/fictional-university/front-page.php(29): DateTime->__construct('16/03/2019')
#1 /app/public/wp-includes/template-loader.php(77): include('/app/public/wp-...')
#2 /app/public/wp-blog-header.php(19): require_once('/app/public/wp-...')
#3 /app/public/index.php(17): require('/app/public/wp-...')
#4 {main}
  thrown in /app/public/wp-content/themes/fictional-university/front-page.php on line 29
[02-Mar-2019 23:29:08 UTC] PHP Fatal error:  Uncaught Exception: DateTime::__construct(): Failed to parse time string (16/03/2019) at position 0 (1): Unexpected character in /app/public/wp-content/themes/fictional-university/front-page.php:29
Stack trace:
#0 /app/public/wp-content/themes/fictional-university/front-page.php(29): DateTime->__construct('16/03/2019')
#1 /app/public/wp-includes/template-loader.php(77): include('/app/public/wp-...')
#2 /app/public/wp-blog-header.php(19): require_once('/app/public/wp-...')
#3 /app/public/index.php(17): require('/app/public/wp-...')
#4 {main}
  thrown in /app/public/wp-content/themes/fictional-university/front-page.php on line 29
[02-Mar-2019 23:29:09 UTC] PHP Fatal error:  Uncaught Exception: DateTime::__construct(): Failed to parse time string (16/03/2019) at position 0 (1): Unexpected character in /app/public/wp-content/themes/fictional-university/front-page.php:29
Stack trace:
#0 /app/public/wp-content/themes/fictional-university/front-page.php(29): DateTime->__construct('16/03/2019')
#1 /app/public/wp-includes/template-loader.php(77): include('/app/public/wp-...')
#2 /app/public/wp-blog-header.php(19): require_once('/app/public/wp-...')
#3 /app/public/index.php(17): require('/app/public/wp-...')
#4 {main}
  thrown in /app/public/wp-content/themes/fictional-university/front-page.php on line 29
[02-Mar-2019 23:29:10 UTC] PHP Fatal error:  Uncaught Exception: DateTime::__construct(): Failed to parse time string (16/03/2019) at position 0 (1): Unexpected character in /app/public/wp-content/themes/fictional-university/front-page.php:29
Stack trace:
#0 /app/public/wp-content/themes/fictional-university/front-page.php(29): DateTime->__construct('16/03/2019')
#1 /app/public/wp-includes/template-loader.php(77): include('/app/public/wp-...')
#2 /app/public/wp-blog-header.php(19): require_once('/app/public/wp-...')
#3 /app/public/index.php(17): require('/app/public/wp-...')
#4 {main}
  thrown in /app/public/wp-content/themes/fictional-university/front-page.php on line 29
[03-Mar-2019 00:05:10 UTC] PHP Fatal error:  Uncaught Exception: DateTime::__construct(): Failed to parse time string (16/03/2019) at position 0 (1): Unexpected character in /app/public/wp-content/themes/fictional-university/front-page.php:29
Stack trace:
#0 /app/public/wp-content/themes/fictional-university/front-page.php(29): DateTime->__construct('16/03/2019')
#1 /app/public/wp-includes/template-loader.php(77): include('/app/public/wp-...')
#2 /app/public/wp-blog-header.php(19): require_once('/app/public/wp-...')
#3 /app/public/index.php(17): require('/app/public/wp-...')
#4 {main}
  thrown in /app/public/wp-content/themes/fictional-university/front-page.php on line 29
[03-Mar-2019 00:05:25 UTC] PHP Fatal error:  Uncaught Exception: DateTime::__construct(): Failed to parse time string (16/03/2019) at position 0 (1): Unexpected character in /app/public/wp-content/themes/fictional-university/front-page.php:29
Stack trace:
#0 /app/public/wp-content/themes/fictional-university/front-page.php(29): DateTime->__construct('16/03/2019')
#1 /app/public/wp-includes/template-loader.php(77): include('/app/public/wp-...')
#2 /app/public/wp-blog-header.php(19): require_once('/app/public/wp-...')
#3 /app/public/index.php(17): require('/app/public/wp-...')
#4 {main}
  thrown in /app/public/wp-content/themes/fictional-university/front-page.php on line 29
[03-Mar-2019 00:05:28 UTC] PHP Fatal error:  Uncaught Exception: DateTime::__construct(): Failed to parse time string (16/03/2019) at position 0 (1): Unexpected character in /app/public/wp-content/themes/fictional-university/front-page.php:29
Stack trace:
#0 /app/public/wp-content/themes/fictional-university/front-page.php(29): DateTime->__construct('16/03/2019')
#1 /app/public/wp-includes/template-loader.php(77): include('/app/public/wp-...')
#2 /app/public/wp-blog-header.php(19): require_once('/app/public/wp-...')
#3 /app/public/index.php(17): require('/app/public/wp-...')
#4 {main}
  thrown in /app/public/wp-content/themes/fictional-university/front-page.php on line 29
[03-Mar-2019 00:05:42 UTC] PHP Fatal error:  Uncaught Exception: DateTime::__construct(): Failed to parse time string (16/03/2019) at position 0 (1): Unexpected character in /app/public/wp-content/themes/fictional-university/front-page.php:29
Stack trace:
#0 /app/public/wp-content/themes/fictional-university/front-page.php(29): DateTime->__construct('16/03/2019')
#1 /app/public/wp-includes/template-loader.php(77): include('/app/public/wp-...')
#2 /app/public/wp-blog-header.php(19): require_once('/app/public/wp-...')
#3 /app/public/index.php(17): require('/app/public/wp-...')
#4 {main}
  thrown in /app/public/wp-content/themes/fictional-university/front-page.php on line 29
[03-Mar-2019 00:09:02 UTC] PHP Fatal error:  Uncaught Exception: DateTime::__construct(): Failed to parse time string (event_date) at position 0 (e): The timezone could not be found in the database in /app/public/wp-content/themes/fictional-university/front-page.php:29
Stack trace:
#0 /app/public/wp-content/themes/fictional-university/front-page.php(29): DateTime->__construct('event_date')
#1 /app/public/wp-includes/template-loader.php(77): include('/app/public/wp-...')
#2 /app/public/wp-blog-header.php(19): require_once('/app/public/wp-...')
#3 /app/public/index.php(17): require('/app/public/wp-...')
#4 {main}
  thrown in /app/public/wp-content/themes/fictional-university/front-page.php on line 29
[03-Mar-2019 00:09:03 UTC] PHP Fatal error:  Uncaught Exception: DateTime::__construct(): Failed to parse time string (event_date) at position 0 (e): The timezone could not be found in the database in /app/public/wp-content/themes/fictional-university/front-page.php:29
Stack trace:
#0 /app/public/wp-content/themes/fictional-university/front-page.php(29): DateTime->__construct('event_date')
#1 /app/public/wp-includes/template-loader.php(77): include('/app/public/wp-...')
#2 /app/public/wp-blog-header.php(19): require_once('/app/public/wp-...')
#3 /app/public/index.php(17): require('/app/public/wp-...')
#4 {main}
  thrown in /app/public/wp-content/themes/fictional-university/front-page.php on line 29
[03-Mar-2019 00:09:09 UTC] PHP Fatal error:  Uncaught Exception: DateTime::__construct(): Failed to parse time string (event_date) at position 0 (e): The timezone could not be found in the database in /app/public/wp-content/themes/fictional-university/front-page.php:29
Stack trace:
#0 /app/public/wp-content/themes/fictional-university/front-page.php(29): DateTime->__construct('event_date')
#1 /app/public/wp-includes/template-loader.php(77): include('/app/public/wp-...')
#2 /app/public/wp-blog-header.php(19): require_once('/app/public/wp-...')
#3 /app/public/index.php(17): require('/app/public/wp-...')
#4 {main}
  thrown in /app/public/wp-content/themes/fictional-university/front-page.php on line 29
[03-Mar-2019 00:09:19 UTC] PHP Fatal error:  Uncaught Exception: DateTime::__construct(): Failed to parse time string (event_date) at position 0 (e): The timezone could not be found in the database in /app/public/wp-content/themes/fictional-university/front-page.php:29
Stack trace:
#0 /app/public/wp-content/themes/fictional-university/front-page.php(29): DateTime->__construct('event_date')
#1 /app/public/wp-includes/template-loader.php(77): include('/app/public/wp-...')
#2 /app/public/wp-blog-header.php(19): require_once('/app/public/wp-...')
#3 /app/public/index.php(17): require('/app/public/wp-...')
#4 {main}
  thrown in /app/public/wp-content/themes/fictional-university/front-page.php on line 29
[03-Mar-2019 00:09:30 UTC] PHP Fatal error:  Uncaught Exception: DateTime::__construct(): Failed to parse time string (event_date) at position 0 (e): The timezone could not be found in the database in /app/public/wp-content/themes/fictional-university/front-page.php:29
Stack trace:
#0 /app/public/wp-content/themes/fictional-university/front-page.php(29): DateTime->__construct('event_date')
#1 /app/public/wp-includes/template-loader.php(77): include('/app/public/wp-...')
#2 /app/public/wp-blog-header.php(19): require_once('/app/public/wp-...')
#3 /app/public/index.php(17): require('/app/public/wp-...')
#4 {main}
  thrown in /app/public/wp-content/themes/fictional-university/front-page.php on line 29
[05-Mar-2019 23:32:54 UTC] PHP Fatal error:  Uncaught Error: Call to undefined function get_time() in /app/public/wp-content/themes/fictional-university/front-page.php:31
Stack trace:
#0 /app/public/wp-includes/template-loader.php(77): include()
#1 /app/public/wp-blog-header.php(19): require_once('/app/public/wp-...')
#2 /app/public/index.php(17): require('/app/public/wp-...')
#3 {main}
  thrown in /app/public/wp-content/themes/fictional-university/front-page.php on line 31
